#
# A fatal error has been detected by the Java Runtime Environment:
#
#  Internal Error (javaClasses.cpp:136), pid=2744, tid=2988
#  fatal error: Invalid layout of preloaded class
#
# JRE version:  (7.0_75-b13) (build )
# Java VM: Java HotSpot(TM) 64-Bit Server VM (24.75-b04 mixed mode windows-amd64 compressed oops)
# Failed to write core dump. Minidumps are not enabled by default on client versions of Windows
#
# If you would like to submit a bug report, please visit:
#   http://bugreport.sun.com/bugreport/crash.jsp
#

---------------  T H R E A D  ---------------

Current thread (0x0000000001cbf000):  JavaThread "Unknown thread" [_thread_in_vm, id=2988, stack(0x00000000023d0000,0x00000000024d0000)]

Stack: [0x00000000023d0000,0x00000000024d0000]
[error occurred during error reporting (printing stack bounds), id 0xc0000005]


---------------  P R O C E S S  ---------------

Java Threads: ( => current thread )

Other Threads:

=>0x0000000001cbf000 (exited) JavaThread "Unknown thread" [_thread_in_vm, id=2988, stack(0x00000000023d0000,0x00000000024d0000)]

VM state:not at safepoint (not fully initialized)

VM Mutex/Monitor currently owned by a thread: None

GC Heap History (0 events):
No events

Deoptimization events (0 events):
No events

Internal exceptions (0 events):
No events

Events (10 events):
Event: 0.007 loading class 0x000000000208d470 done
Event: 0.008 loading class 0x000000000208ce70 done
Event: 0.008 loading class 0x000000000208ce50
Event: 0.008 loading class 0x0000000002094fd0
Event: 0.008 loading class 0x0000000002094fd0 done
Event: 0.008 loading class 0x0000000002095000
Event: 0.008 loading class 0x0000000002095000 done
Event: 0.008 loading class 0x0000000002095030
Event: 0.008 loading class 0x0000000002095030 done
Event: 0.008 loading class 0x000000000208ce50 done


Dynamic libraries:
0x000000013fec0000 - 0x000000013fef3000 	C:\Program Files\Java\jdk1.7.0_75\bin\javaw.exe
0x0000000077c80000 - 0x0000000077e29000 	C:\windows\SYSTEM32\ntdll.dll
0x0000000077a60000 - 0x0000000077b80000 	C:\windows\system32\kernel32.dll
0x000007fefdd10000 - 0x000007fefdd7c000 	C:\windows\system32\KERNELBASE.dll
0x000007feffe10000 - 0x000007feffeeb000 	C:\windows\system32\ADVAPI32.dll
0x000007fefef00000 - 0x000007fefef9f000 	C:\windows\system32\msvcrt.dll
0x000007feff9c0000 - 0x000007feff9df000 	C:\windows\SYSTEM32\sechost.dll
0x000007feffbf0000 - 0x000007feffd1d000 	C:\windows\system32\RPCRT4.dll
0x0000000077b80000 - 0x0000000077c7a000 	C:\windows\system32\USER32.dll
0x000007feffb80000 - 0x000007feffbe7000 	C:\windows\system32\GDI32.dll
0x000007fefefa0000 - 0x000007fefefae000 	C:\windows\system32\LPK.dll
0x000007feff400000 - 0x000007feff4ca000 	C:\windows\system32\USP10.dll
0x000007fefc380000 - 0x000007fefc574000 	C:\windows\WinSxS\amd64_microsoft.windows.common-controls_6595b64144ccf1df_6.0.7601.18837_none_fa3b1e3d17594757\COMCTL32.dll
0x000007feffd90000 - 0x000007feffe01000 	C:\windows\system32\SHLWAPI.dll
0x000007fefefb0000 - 0x000007fefefde000 	C:\windows\system32\IMM32.DLL
0x000007feff730000 - 0x000007feff839000 	C:\windows\system32\MSCTF.dll
0x000000006a330000 - 0x000000006a402000 	C:\Program Files\Java\jdk1.7.0_75\jre\bin\msvcr100.dll
0x0000000068f90000 - 0x0000000069764000 	C:\Program Files\Java\jdk1.7.0_75\jre\bin\server\jvm.dll
0x000007fefb790000 - 0x000007fefb799000 	C:\windows\system32\WSOCK32.dll
0x000007feffd20000 - 0x000007feffd6d000 	C:\windows\system32\WS2_32.dll
0x000007feffa40000 - 0x000007feffa48000 	C:\windows\system32\NSI.dll
0x000007fefbd00000 - 0x000007fefbd3b000 	C:\windows\system32\WINMM.dll
0x0000000077e40000 - 0x0000000077e47000 	C:\windows\system32\PSAPI.DLL
0x0000000075800000 - 0x000000007580f000 	C:\Program Files\Java\jdk1.7.0_75\jre\bin\verify.dll
0x0000000075540000 - 0x0000000075568000 	C:\Program Files\Java\jdk1.7.0_75\jre\bin\java.dll
0x000000006b4a0000 - 0x000000006b4d5000 	C:\Program Files\Java\jdk1.7.0_75\jre\bin\jdwp.dll
0x000000006b490000 - 0x000000006b498000 	C:\Program Files\Java\jdk1.7.0_75\jre\bin\npt.dll
0x000000006b470000 - 0x000000006b485000 	C:\Program Files\Java\jdk1.7.0_75\jre\bin\zip.dll

VM Arguments:
jvm_args: -agentlib:jdwp=transport=dt_socket,suspend=y,address=localhost:60412 -Dfile.encoding=GBK -Xbootclasspath:E:\Android-sdk-windows-full\platforms\android-20\android.jar 
java_command: com.wifitalk.Utils.NetDealUtil
Launcher Type: SUN_STANDARD

Environment Variables:
JAVA_HOME=C:\Program Files\Java\jdk1.7.0_75
PATH=C:\Program Files\Java\jdk1.7.0_75\jre\bin;C:\ProgramData\Oracle\Java\javapath;C:\windows\system32;C:\windows;C:\windows\System32\Wbem;C:\windows\System32\WindowsPowerShell\v1.0\;C:\Program Files\TortoiseSVN\bin;E:\Android-sdk-windows-full\platform-tools\;E:\Android-sdk-windows-full\tools;D:\apache-ant\apache-ant-1.9.7\bin;C:\Program Files\Java\jdk1.7.0_75\bin;C:\Python27;C:\Python27\Scripts;C:\Python27\Lib;
USERNAME=chenming
OS=Windows_NT
PROCESSOR_IDENTIFIER=Intel64 Family 6 Model 60 Stepping 3, GenuineIntel



---------------  S Y S T E M  ---------------

OS: Windows 7 , 64 bit Build 7601 Service Pack 1

CPU:total 4 (2 cores per cpu, 2 threads per core) family 6 model 60 stepping 3, cmov, cx8, fxsr, mmx, sse, sse2, sse3, ssse3, sse4.1, sse4.2, popcnt, avx, avx2, aes, erms, ht, tsc, tscinvbit

Memory: 4k page, physical 8294564k(4811016k free), swap 16587292k(10847704k free)

vm_info: Java HotSpot(TM) 64-Bit Server VM (24.75-b04) for windows-amd64 JRE (1.7.0_75-b13), built on Dec 18 2014 17:15:01 by "java_re" with unknown MS VC++:1600

time: Sat Sep 10 11:11:13 2016
elapsed time: 0 seconds

